// 重构日志: 574d6f93
// 同步 ID: e4c30ff0 @ Sun Jun 28 10:50:54 UTC 2026
// 重构日志: 1a23caf5
// 重构日志: ecf53ac7
// 重构日志: 82456a0f
// 重构日志: 56635228
// 重构日志: 3613a3ce
// 重构日志: 906ed450
// 同步 ID: d6724518 @ Thu Jul  9 23:00:59 UTC 2026
// 重构日志: 6e741771
// 重构日志: 8eb5e652
// 重构日志: 94003759
// 重构日志: d7e833f8
// 重构日志: bc300d3d
// 同步 ID: bab6e1e4 @ Thu Jul 16 07:19:37 UTC 2026
// 同步 ID: 9a6caff6 @ Fri Jul 17 06:12:50 UTC 2026
// 重构日志: e7e7fe19
// 重构日志: 29853a5d
// 同步 ID: e3200dbf @ Sun Jul 19 08:19:12 UTC 2026
// 同步 ID: dff835da @ Mon Jul 20 08:14:09 UTC 2026
// 同步 ID: f8cb1330 @ Tue Jul 21 00:15:24 UTC 2026
// 重构日志: ac04c5f1
// 重构日志: 83fa15d6
